<?xml version="1.0" encoding="UTF-8"?>
<testng-results skipped="0" failed="1" total="6" passed="5">
  <reporter-output>
  </reporter-output>
  <suite name="Default suite" duration-ms="12496" started-at="2019-09-13T07:15:54Z" finished-at="2019-09-13T07:16:07Z">
    <groups>
    </groups>
    <test name="Default test" duration-ms="12496" started-at="2019-09-13T07:15:54Z" finished-at="2019-09-13T07:16:07Z">
      <class name="Practies.P1">
        <test-method status="PASS" signature="launchBrawser()[pri:0, instance:Practies.P1@6a4f787b]" name="launchBrawser" is-config="true" duration-ms="4099" started-at="2019-09-13T12:45:50Z" finished-at="2019-09-13T12:45:54Z">
          <reporter-output>
          </reporter-output>
        </test-method> <!-- launchBrawser -->
        <test-method status="PASS" signature="URL()[pri:0, instance:Practies.P1@6a4f787b]" name="URL" is-config="true" duration-ms="5485" started-at="2019-09-13T12:45:54Z" finished-at="2019-09-13T12:46:00Z">
          <reporter-output>
          </reporter-output>
        </test-method> <!-- URL -->
        <test-method status="PASS" signature="a()[pri:0, instance:Practies.P1@6a4f787b]" name="a" duration-ms="1595" started-at="2019-09-13T12:46:00Z" finished-at="2019-09-13T12:46:01Z">
          <reporter-output>
          </reporter-output>
        </test-method> <!-- a -->
        <test-method status="FAIL" signature="b()[pri:0, instance:Practies.P1@6a4f787b]" name="b" duration-ms="319" started-at="2019-09-13T12:46:01Z" finished-at="2019-09-13T12:46:02Z">
          <exception class="org.openqa.selenium.ElementClickInterceptedException">
            <message>
              <![CDATA[element click intercepted: Element <input type="checkbox" id="checkbox2" value="Movies"> is not clickable at point (619, 447). Other element would receive the click: <input type="checkbox" id="checkbox3" value="Hockey">
  (Session info: chrome=76.0.3809.132)
Build info: version: '3.141.59', revision: 'e82be7d358', time: '2018-11-14T08:25:53'
System info: host: 'CS18-PC', ip: '192.168.0.18', os.name: 'Windows 7', os.arch: 'amd64', os.version: '6.1', java.version: '1.8.0_77'
Driver info: org.openqa.selenium.chrome.ChromeDriver
Capabilities {acceptInsecureCerts: false, browserName: chrome, browserVersion: 76.0.3809.132, chrome: {chromedriverVersion: 76.0.3809.68 (420c9498db8ce..., userDataDir: C:\Users\DINSHI~1.1RI\AppDa...}, goog:chromeOptions: {debuggerAddress: localhost:51972}, javascriptEnabled: true, networkConnectionEnabled: false, pageLoadStrategy: normal, platform: XP, platformName: XP, proxy: Proxy(), setWindowRect: true, strictFileInteractability: false, timeouts: {implicit: 0, pageLoad: 300000, script: 30000}, unhandledPromptBehavior: dismiss and notify}
Session ID: ad32d97c063ef6f83cb2b967c80bac2d]]>
            </message>
            <full-stacktrace>
              <![CDATA[org.openqa.selenium.ElementClickInterceptedException: element click intercepted: Element <input type="checkbox" id="checkbox2" value="Movies"> is not clickable at point (619, 447). Other element would receive the click: <input type="checkbox" id="checkbox3" value="Hockey">
  (Session info: chrome=76.0.3809.132)
Build info: version: '3.141.59', revision: 'e82be7d358', time: '2018-11-14T08:25:53'
System info: host: 'CS18-PC', ip: '192.168.0.18', os.name: 'Windows 7', os.arch: 'amd64', os.version: '6.1', java.version: '1.8.0_77'
Driver info: org.openqa.selenium.chrome.ChromeDriver
Capabilities {acceptInsecureCerts: false, browserName: chrome, browserVersion: 76.0.3809.132, chrome: {chromedriverVersion: 76.0.3809.68 (420c9498db8ce..., userDataDir: C:\Users\DINSHI~1.1RI\AppDa...}, goog:chromeOptions: {debuggerAddress: localhost:51972}, javascriptEnabled: true, networkConnectionEnabled: false, pageLoadStrategy: normal, platform: XP, platformName: XP, proxy: Proxy(), setWindowRect: true, strictFileInteractability: false, timeouts: {implicit: 0, pageLoad: 300000, script: 30000}, unhandledPromptBehavior: dismiss and notify}
Session ID: ad32d97c063ef6f83cb2b967c80bac2d
	at sun.reflect.NativeConstructorAccessorImpl.newInstance0(Native Method)
	at sun.reflect.NativeConstructorAccessorImpl.newInstance(Unknown Source)
	at sun.reflect.DelegatingConstructorAccessorImpl.newInstance(Unknown Source)
	at java.lang.reflect.Constructor.newInstance(Unknown Source)
	at org.openqa.selenium.remote.http.W3CHttpResponseCodec.createException(W3CHttpResponseCodec.java:187)
	at org.openqa.selenium.remote.http.W3CHttpResponseCodec.decode(W3CHttpResponseCodec.java:122)
	at org.openqa.selenium.remote.http.W3CHttpResponseCodec.decode(W3CHttpResponseCodec.java:49)
	at org.openqa.selenium.remote.HttpCommandExecutor.execute(HttpCommandExecutor.java:158)
	at org.openqa.selenium.remote.service.DriverCommandExecutor.execute(DriverCommandExecutor.java:83)
	at org.openqa.selenium.remote.RemoteWebDriver.execute(RemoteWebDriver.java:552)
	at org.openqa.selenium.remote.RemoteWebElement.execute(RemoteWebElement.java:285)
	at org.openqa.selenium.remote.RemoteWebElement.click(RemoteWebElement.java:84)
	at Practies.P1.b(P1.java:108)
	at sun.reflect.NativeMethodAccessorImpl.invoke0(Native Method)
	at sun.reflect.NativeMethodAccessorImpl.invoke(Unknown Source)
	at sun.reflect.DelegatingMethodAccessorImpl.invoke(Unknown Source)
	at java.lang.reflect.Method.invoke(Unknown Source)
	at org.testng.internal.MethodInvocationHelper.invokeMethod(MethodInvocationHelper.java:85)
	at org.testng.internal.Invoker.invokeMethod(Invoker.java:639)
	at org.testng.internal.Invoker.invokeTestMethod(Invoker.java:816)
	at org.testng.internal.Invoker.invokeTestMethods(Invoker.java:1124)
	at org.testng.internal.TestMethodWorker.invokeTestMethods(TestMethodWorker.java:125)
	at org.testng.internal.TestMethodWorker.run(TestMethodWorker.java:108)
	at org.testng.TestRunner.privateRun(TestRunner.java:774)
	at org.testng.TestRunner.run(TestRunner.java:624)
	at org.testng.SuiteRunner.runTest(SuiteRunner.java:359)
	at org.testng.SuiteRunner.runSequentially(SuiteRunner.java:354)
	at org.testng.SuiteRunner.privateRun(SuiteRunner.java:312)
	at org.testng.SuiteRunner.run(SuiteRunner.java:261)
	at org.testng.SuiteRunnerWorker.runSuite(SuiteRunnerWorker.java:52)
	at org.testng.SuiteRunnerWorker.run(SuiteRunnerWorker.java:86)
	at org.testng.TestNG.runSuitesSequentially(TestNG.java:1215)
	at org.testng.TestNG.runSuitesLocally(TestNG.java:1140)
	at org.testng.TestNG.run(TestNG.java:1048)
	at org.testng.remote.AbstractRemoteTestNG.run(AbstractRemoteTestNG.java:132)
	at org.testng.remote.RemoteTestNG.initAndRun(RemoteTestNG.java:230)
	at org.testng.remote.RemoteTestNG.main(RemoteTestNG.java:76)
]]>
            </full-stacktrace>
          </exception> <!-- org.openqa.selenium.ElementClickInterceptedException -->
          <reporter-output>
          </reporter-output>
        </test-method> <!-- b -->
        <test-method status="PASS" signature="c()[pri:0, instance:Practies.P1@6a4f787b]" name="c" duration-ms="94" started-at="2019-09-13T12:46:02Z" finished-at="2019-09-13T12:46:02Z">
          <reporter-output>
          </reporter-output>
        </test-method> <!-- c -->
        <test-method status="PASS" signature="d()[pri:0, instance:Practies.P1@6a4f787b]" name="d" duration-ms="136" started-at="2019-09-13T12:46:02Z" finished-at="2019-09-13T12:46:02Z">
          <reporter-output>
          </reporter-output>
        </test-method> <!-- d -->
        <test-method status="PASS" signature="e()[pri:0, instance:Practies.P1@6a4f787b]" name="e" duration-ms="106" started-at="2019-09-13T12:46:02Z" finished-at="2019-09-13T12:46:02Z">
          <reporter-output>
          </reporter-output>
        </test-method> <!-- e -->
        <test-method status="PASS" signature="f()[pri:0, instance:Practies.P1@6a4f787b]" name="f" duration-ms="4420" started-at="2019-09-13T12:46:02Z" finished-at="2019-09-13T12:46:06Z">
          <reporter-output>
          </reporter-output>
        </test-method> <!-- f -->
        <test-method status="PASS" signature="xt()[pri:0, instance:Practies.P1@6a4f787b]" name="xt" is-config="true" duration-ms="315" started-at="2019-09-13T12:46:06Z" finished-at="2019-09-13T12:46:07Z">
          <reporter-output>
          </reporter-output>
        </test-method> <!-- xt -->
      </class> <!-- Practies.P1 -->
    </test> <!-- Default test -->
  </suite> <!-- Default suite -->
</testng-results>
